{"/Users/reedbrooks/Desktop/Programming/HackReactor/front-end-capstone/client/src/review.jsx": {"path":"/Users/reedbrooks/Desktop/Programming/HackReactor/front-end-capstone/client/src/review.jsx","statementMap":{"0":{"start":{"line":7,"column":4},"end":{"line":7,"column":17}},"1":{"start":{"line":16,"column":17},"end":{"line":16,"column":162}},"2":{"start":{"line":17,"column":21},"end":{"line":17,"column":23}},"3":{"start":{"line":18,"column":4},"end":{"line":23,"column":5}},"4":{"start":{"line":19,"column":6},"end":{"line":19,"column":60}},"5":{"start":{"line":22,"column":6},"end":{"line":22,"column":100}},"6":{"start":{"line":25,"column":4},"end":{"line":31,"column":20}}},"fnMap":{"0":{"name":"(anonymous_0)","decl":{"start":{"line":6,"column":2},"end":{"line":6,"column":3}},"loc":{"start":{"line":6,"column":21},"end":{"line":8,"column":3}},"line":6},"1":{"name":"(anonymous_1)","decl":{"start":{"line":15,"column":2},"end":{"line":15,"column":3}},"loc":{"start":{"line":15,"column":12},"end":{"line":32,"column":3}},"line":15}},"branchMap":{"0":{"loc":{"start":{"line":16,"column":17},"end":{"line":16,"column":162}},"type":"cond-expr","locations":[{"start":{"line":16,"column":62},"end":{"line":16,"column":128}},{"start":{"line":16,"column":131},"end":{"line":16,"column":162}}],"line":16},"1":{"loc":{"start":{"line":18,"column":4},"end":{"line":23,"column":5}},"type":"if","locations":[{"start":{"line":18,"column":4},"end":{"line":23,"column":5}},{"start":{"line":18,"column":4},"end":{"line":23,"column":5}}],"line":18}},"s":{"0":6,"1":6,"2":6,"3":6,"4":3,"5":3,"6":6},"f":{"0":6,"1":6},"b":{"0":[3,3],"1":[3,3]},"_coverageSchema":"1a1c01bbd47fc00a2c39e90264f33305004495a9","hash":"d87312fd40826b8dd9661d9d6f7f4b2f537ace36"}
,"/Users/reedbrooks/Desktop/Programming/HackReactor/front-end-capstone/client/src/review_container.jsx": {"path":"/Users/reedbrooks/Desktop/Programming/HackReactor/front-end-capstone/client/src/review_container.jsx","statementMap":{"0":{"start":{"line":8,"column":26},"end":{"line":8,"column":27}},"1":{"start":{"line":10,"column":20},"end":{"line":10,"column":92}},"2":{"start":{"line":15,"column":4},"end":{"line":15,"column":17}},"3":{"start":{"line":16,"column":4},"end":{"line":22,"column":6}},"4":{"start":{"line":24,"column":4},"end":{"line":24,"column":49}},"5":{"start":{"line":25,"column":4},"end":{"line":25,"column":59}},"6":{"start":{"line":26,"column":4},"end":{"line":26,"column":51}},"7":{"start":{"line":27,"column":4},"end":{"line":27,"column":53}},"8":{"start":{"line":28,"column":4},"end":{"line":28,"column":45}},"9":{"start":{"line":29,"column":4},"end":{"line":29,"column":46}},"10":{"start":{"line":30,"column":4},"end":{"line":30,"column":45}},"11":{"start":{"line":31,"column":4},"end":{"line":31,"column":41}},"12":{"start":{"line":36,"column":4},"end":{"line":53,"column":7}},"13":{"start":{"line":40,"column":8},"end":{"line":42,"column":11}},"14":{"start":{"line":43,"column":8},"end":{"line":47,"column":11}},"15":{"start":{"line":48,"column":8},"end":{"line":48,"column":44}},"16":{"start":{"line":51,"column":8},"end":{"line":51,"column":27}},"17":{"start":{"line":59,"column":16},"end":{"line":59,"column":17}},"18":{"start":{"line":60,"column":4},"end":{"line":62,"column":5}},"19":{"start":{"line":60,"column":16},"end":{"line":60,"column":17}},"20":{"start":{"line":61,"column":6},"end":{"line":61,"column":50}},"21":{"start":{"line":63,"column":4},"end":{"line":63,"column":47}},"22":{"start":{"line":69,"column":4},"end":{"line":69,"column":48}},"23":{"start":{"line":70,"column":19},"end":{"line":70,"column":61}},"24":{"start":{"line":71,"column":22},"end":{"line":71,"column":139}},"25":{"start":{"line":72,"column":17},"end":{"line":72,"column":19}},"26":{"start":{"line":73,"column":4},"end":{"line":75,"column":5}},"27":{"start":{"line":73,"column":16},"end":{"line":73,"column":24}},"28":{"start":{"line":74,"column":6},"end":{"line":74,"column":58}},"29":{"start":{"line":77,"column":4},"end":{"line":77,"column":18}},"30":{"start":{"line":82,"column":4},"end":{"line":86,"column":5}},"31":{"start":{"line":83,"column":6},"end":{"line":83,"column":41}},"32":{"start":{"line":85,"column":6},"end":{"line":85,"column":57}},"33":{"start":{"line":91,"column":4},"end":{"line":95,"column":5}},"34":{"start":{"line":92,"column":6},"end":{"line":94,"column":9}},"35":{"start":{"line":100,"column":4},"end":{"line":104,"column":5}},"36":{"start":{"line":101,"column":6},"end":{"line":103,"column":9}},"37":{"start":{"line":109,"column":4},"end":{"line":113,"column":5}},"38":{"start":{"line":110,"column":6},"end":{"line":112,"column":9}},"39":{"start":{"line":118,"column":4},"end":{"line":122,"column":5}},"40":{"start":{"line":119,"column":6},"end":{"line":121,"column":9}},"41":{"start":{"line":127,"column":15},"end":{"line":127,"column":51}},"42":{"start":{"line":128,"column":4},"end":{"line":132,"column":5}},"43":{"start":{"line":129,"column":6},"end":{"line":131,"column":9}},"44":{"start":{"line":142,"column":25},"end":{"line":142,"column":51}},"45":{"start":{"line":143,"column":18},"end":{"line":143,"column":35}},"46":{"start":{"line":144,"column":4},"end":{"line":150,"column":20}},"47":{"start":{"line":156,"column":20},"end":{"line":158,"column":6}},"48":{"start":{"line":160,"column":19},"end":{"line":162,"column":6}},"49":{"start":{"line":177,"column":4},"end":{"line":177,"column":17}},"50":{"start":{"line":182,"column":18},"end":{"line":182,"column":20}},"51":{"start":{"line":184,"column":4},"end":{"line":184,"column":60}},"52":{"start":{"line":186,"column":4},"end":{"line":188,"column":5}},"53":{"start":{"line":187,"column":6},"end":{"line":187,"column":59}},"54":{"start":{"line":190,"column":4},"end":{"line":192,"column":5}},"55":{"start":{"line":191,"column":6},"end":{"line":191,"column":37}},"56":{"start":{"line":195,"column":4},"end":{"line":197,"column":5}},"57":{"start":{"line":196,"column":6},"end":{"line":196,"column":58}},"58":{"start":{"line":198,"column":4},"end":{"line":200,"column":5}},"59":{"start":{"line":199,"column":6},"end":{"line":199,"column":37}},"60":{"start":{"line":202,"column":4},"end":{"line":204,"column":5}},"61":{"start":{"line":203,"column":6},"end":{"line":203,"column":82}},"62":{"start":{"line":206,"column":4},"end":{"line":208,"column":5}},"63":{"start":{"line":207,"column":6},"end":{"line":207,"column":79}},"64":{"start":{"line":210,"column":4},"end":{"line":210,"column":19}},"65":{"start":{"line":215,"column":16},"end":{"line":215,"column":31}},"66":{"start":{"line":216,"column":4},"end":{"line":216,"column":137}}},"fnMap":{"0":{"name":"(anonymous_0)","decl":{"start":{"line":14,"column":2},"end":{"line":14,"column":3}},"loc":{"start":{"line":14,"column":21},"end":{"line":32,"column":3}},"line":14},"1":{"name":"(anonymous_1)","decl":{"start":{"line":35,"column":2},"end":{"line":35,"column":3}},"loc":{"start":{"line":35,"column":22},"end":{"line":54,"column":3}},"line":35},"2":{"name":"(anonymous_2)","decl":{"start":{"line":39,"column":16},"end":{"line":39,"column":17}},"loc":{"start":{"line":39,"column":30},"end":{"line":49,"column":7}},"line":39},"3":{"name":"(anonymous_3)","decl":{"start":{"line":50,"column":14},"end":{"line":50,"column":15}},"loc":{"start":{"line":50,"column":24},"end":{"line":52,"column":7}},"line":50},"4":{"name":"(anonymous_4)","decl":{"start":{"line":58,"column":2},"end":{"line":58,"column":3}},"loc":{"start":{"line":58,"column":20},"end":{"line":64,"column":3}},"line":58},"5":{"name":"(anonymous_5)","decl":{"start":{"line":68,"column":2},"end":{"line":68,"column":3}},"loc":{"start":{"line":68,"column":15},"end":{"line":78,"column":3}},"line":68},"6":{"name":"(anonymous_6)","decl":{"start":{"line":81,"column":2},"end":{"line":81,"column":3}},"loc":{"start":{"line":81,"column":23},"end":{"line":87,"column":3}},"line":81},"7":{"name":"(anonymous_7)","decl":{"start":{"line":90,"column":2},"end":{"line":90,"column":3}},"loc":{"start":{"line":90,"column":17},"end":{"line":96,"column":3}},"line":90},"8":{"name":"(anonymous_8)","decl":{"start":{"line":99,"column":2},"end":{"line":99,"column":3}},"loc":{"start":{"line":99,"column":12},"end":{"line":105,"column":3}},"line":99},"9":{"name":"(anonymous_9)","decl":{"start":{"line":108,"column":2},"end":{"line":108,"column":3}},"loc":{"start":{"line":108,"column":13},"end":{"line":114,"column":3}},"line":108},"10":{"name":"(anonymous_10)","decl":{"start":{"line":117,"column":2},"end":{"line":117,"column":3}},"loc":{"start":{"line":117,"column":12},"end":{"line":123,"column":3}},"line":117},"11":{"name":"(anonymous_11)","decl":{"start":{"line":126,"column":2},"end":{"line":126,"column":3}},"loc":{"start":{"line":126,"column":15},"end":{"line":133,"column":3}},"line":126},"12":{"name":"(anonymous_12)","decl":{"start":{"line":141,"column":2},"end":{"line":141,"column":3}},"loc":{"start":{"line":141,"column":11},"end":{"line":151,"column":3}},"line":141},"13":{"name":"(anonymous_13)","decl":{"start":{"line":176,"column":2},"end":{"line":176,"column":3}},"loc":{"start":{"line":176,"column":21},"end":{"line":178,"column":3}},"line":176},"14":{"name":"(anonymous_14)","decl":{"start":{"line":181,"column":2},"end":{"line":181,"column":3}},"loc":{"start":{"line":181,"column":13},"end":{"line":211,"column":3}},"line":181},"15":{"name":"(anonymous_15)","decl":{"start":{"line":214,"column":2},"end":{"line":214,"column":3}},"loc":{"start":{"line":214,"column":11},"end":{"line":217,"column":3}},"line":214}},"branchMap":{"0":{"loc":{"start":{"line":71,"column":22},"end":{"line":71,"column":139}},"type":"cond-expr","locations":[{"start":{"line":71,"column":83},"end":{"line":71,"column":108}},{"start":{"line":71,"column":111},"end":{"line":71,"column":139}}],"line":71},"1":{"loc":{"start":{"line":82,"column":4},"end":{"line":86,"column":5}},"type":"if","locations":[{"start":{"line":82,"column":4},"end":{"line":86,"column":5}},{"start":{"line":82,"column":4},"end":{"line":86,"column":5}}],"line":82},"2":{"loc":{"start":{"line":91,"column":4},"end":{"line":95,"column":5}},"type":"if","locations":[{"start":{"line":91,"column":4},"end":{"line":95,"column":5}},{"start":{"line":91,"column":4},"end":{"line":95,"column":5}}],"line":91},"3":{"loc":{"start":{"line":100,"column":4},"end":{"line":104,"column":5}},"type":"if","locations":[{"start":{"line":100,"column":4},"end":{"line":104,"column":5}},{"start":{"line":100,"column":4},"end":{"line":104,"column":5}}],"line":100},"4":{"loc":{"start":{"line":109,"column":4},"end":{"line":113,"column":5}},"type":"if","locations":[{"start":{"line":109,"column":4},"end":{"line":113,"column":5}},{"start":{"line":109,"column":4},"end":{"line":113,"column":5}}],"line":109},"5":{"loc":{"start":{"line":118,"column":4},"end":{"line":122,"column":5}},"type":"if","locations":[{"start":{"line":118,"column":4},"end":{"line":122,"column":5}},{"start":{"line":118,"column":4},"end":{"line":122,"column":5}}],"line":118},"6":{"loc":{"start":{"line":128,"column":4},"end":{"line":132,"column":5}},"type":"if","locations":[{"start":{"line":128,"column":4},"end":{"line":132,"column":5}},{"start":{"line":128,"column":4},"end":{"line":132,"column":5}}],"line":128},"7":{"loc":{"start":{"line":186,"column":4},"end":{"line":188,"column":5}},"type":"if","locations":[{"start":{"line":186,"column":4},"end":{"line":188,"column":5}},{"start":{"line":186,"column":4},"end":{"line":188,"column":5}}],"line":186},"8":{"loc":{"start":{"line":190,"column":4},"end":{"line":192,"column":5}},"type":"if","locations":[{"start":{"line":190,"column":4},"end":{"line":192,"column":5}},{"start":{"line":190,"column":4},"end":{"line":192,"column":5}}],"line":190},"9":{"loc":{"start":{"line":190,"column":7},"end":{"line":190,"column":59}},"type":"binary-expr","locations":[{"start":{"line":190,"column":7},"end":{"line":190,"column":33}},{"start":{"line":190,"column":37},"end":{"line":190,"column":59}}],"line":190},"10":{"loc":{"start":{"line":195,"column":4},"end":{"line":197,"column":5}},"type":"if","locations":[{"start":{"line":195,"column":4},"end":{"line":197,"column":5}},{"start":{"line":195,"column":4},"end":{"line":197,"column":5}}],"line":195},"11":{"loc":{"start":{"line":195,"column":7},"end":{"line":195,"column":83}},"type":"binary-expr","locations":[{"start":{"line":195,"column":7},"end":{"line":195,"column":53}},{"start":{"line":195,"column":57},"end":{"line":195,"column":83}}],"line":195},"12":{"loc":{"start":{"line":198,"column":4},"end":{"line":200,"column":5}},"type":"if","locations":[{"start":{"line":198,"column":4},"end":{"line":200,"column":5}},{"start":{"line":198,"column":4},"end":{"line":200,"column":5}}],"line":198},"13":{"loc":{"start":{"line":202,"column":4},"end":{"line":204,"column":5}},"type":"if","locations":[{"start":{"line":202,"column":4},"end":{"line":204,"column":5}},{"start":{"line":202,"column":4},"end":{"line":204,"column":5}}],"line":202},"14":{"loc":{"start":{"line":206,"column":4},"end":{"line":208,"column":5}},"type":"if","locations":[{"start":{"line":206,"column":4},"end":{"line":208,"column":5}},{"start":{"line":206,"column":4},"end":{"line":208,"column":5}}],"line":206}},"s":{"0":1,"1":1,"2":7,"3":7,"4":7,"5":7,"6":7,"7":7,"8":7,"9":7,"10":7,"11":7,"12":7,"13":0,"14":0,"15":0,"16":0,"17":0,"18":0,"19":0,"20":0,"21":0,"22":7,"23":7,"24":7,"25":7,"26":7,"27":7,"28":0,"29":7,"30":1,"31":0,"32":1,"33":0,"34":0,"35":0,"36":0,"37":0,"38":0,"39":0,"40":0,"41":0,"42":0,"43":0,"44":7,"45":7,"46":7,"47":1,"48":1,"49":7,"50":7,"51":7,"52":7,"53":7,"54":7,"55":0,"56":7,"57":0,"58":7,"59":0,"60":7,"61":7,"62":7,"63":0,"64":7,"65":7,"66":7},"f":{"0":7,"1":7,"2":0,"3":0,"4":0,"5":7,"6":1,"7":0,"8":0,"9":0,"10":0,"11":0,"12":7,"13":7,"14":7,"15":7},"b":{"0":[7,0],"1":[0,1],"2":[0,0],"3":[0,0],"4":[0,0],"5":[0,0],"6":[0,0],"7":[7,0],"8":[0,7],"9":[7,0],"10":[0,7],"11":[7,0],"12":[0,7],"13":[7,0],"14":[0,7]},"_coverageSchema":"1a1c01bbd47fc00a2c39e90264f33305004495a9","hash":"87094a3beedecbead5e19905ea21ef1db4d4c505"}
,"/Users/reedbrooks/Desktop/Programming/HackReactor/front-end-capstone/client/src/review_score.jsx": {"path":"/Users/reedbrooks/Desktop/Programming/HackReactor/front-end-capstone/client/src/review_score.jsx","statementMap":{"0":{"start":{"line":7,"column":18},"end":{"line":7,"column":309}},"1":{"start":{"line":9,"column":18},"end":{"line":9,"column":419}},"2":{"start":{"line":11,"column":19},"end":{"line":11,"column":472}},"3":{"start":{"line":16,"column":4},"end":{"line":16,"column":17}},"4":{"start":{"line":18,"column":4},"end":{"line":18,"column":57}},"5":{"start":{"line":23,"column":23},"end":{"line":23,"column":59}},"6":{"start":{"line":24,"column":17},"end":{"line":24,"column":19}},"7":{"start":{"line":25,"column":4},"end":{"line":35,"column":5}},"8":{"start":{"line":26,"column":6},"end":{"line":34,"column":7}},"9":{"start":{"line":27,"column":8},"end":{"line":27,"column":30}},"10":{"start":{"line":28,"column":8},"end":{"line":28,"column":23}},"11":{"start":{"line":29,"column":13},"end":{"line":34,"column":7}},"12":{"start":{"line":30,"column":8},"end":{"line":30,"column":30}},"13":{"start":{"line":31,"column":8},"end":{"line":31,"column":42}},"14":{"start":{"line":33,"column":8},"end":{"line":33,"column":31}},"15":{"start":{"line":37,"column":4},"end":{"line":37,"column":18}},"16":{"start":{"line":44,"column":16},"end":{"line":44,"column":37}},"17":{"start":{"line":45,"column":22},"end":{"line":50,"column":5}},"18":{"start":{"line":51,"column":4},"end":{"line":51,"column":77}}},"fnMap":{"0":{"name":"(anonymous_0)","decl":{"start":{"line":15,"column":2},"end":{"line":15,"column":3}},"loc":{"start":{"line":15,"column":21},"end":{"line":19,"column":3}},"line":15},"1":{"name":"(anonymous_1)","decl":{"start":{"line":22,"column":2},"end":{"line":22,"column":3}},"loc":{"start":{"line":22,"column":19},"end":{"line":38,"column":3}},"line":22},"2":{"name":"(anonymous_2)","decl":{"start":{"line":43,"column":2},"end":{"line":43,"column":3}},"loc":{"start":{"line":43,"column":11},"end":{"line":52,"column":3}},"line":43}},"branchMap":{"0":{"loc":{"start":{"line":25,"column":10},"end":{"line":25,"column":47}},"type":"binary-expr","locations":[{"start":{"line":25,"column":10},"end":{"line":25,"column":26}},{"start":{"line":25,"column":30},"end":{"line":25,"column":47}}],"line":25},"1":{"loc":{"start":{"line":26,"column":6},"end":{"line":34,"column":7}},"type":"if","locations":[{"start":{"line":26,"column":6},"end":{"line":34,"column":7}},{"start":{"line":26,"column":6},"end":{"line":34,"column":7}}],"line":26},"2":{"loc":{"start":{"line":29,"column":13},"end":{"line":34,"column":7}},"type":"if","locations":[{"start":{"line":29,"column":13},"end":{"line":34,"column":7}},{"start":{"line":29,"column":13},"end":{"line":34,"column":7}}],"line":29},"3":{"loc":{"start":{"line":29,"column":17},"end":{"line":29,"column":56}},"type":"binary-expr","locations":[{"start":{"line":29,"column":17},"end":{"line":29,"column":33}},{"start":{"line":29,"column":37},"end":{"line":29,"column":56}}],"line":29}},"s":{"0":1,"1":1,"2":1,"3":27,"4":27,"5":27,"6":27,"7":27,"8":135,"9":60,"10":60,"11":75,"12":6,"13":6,"14":69,"15":27,"16":27,"17":27,"18":27},"f":{"0":27,"1":27,"2":27},"b":{"0":[162,96],"1":[60,75],"2":[6,69],"3":[75,75]},"_coverageSchema":"1a1c01bbd47fc00a2c39e90264f33305004495a9","hash":"c8655e75b676a0e16f52bc9ea91c34523cdf087c"}
}
