TN:
SF:client/src/review.jsx
FN:6,(anonymous_0)
FN:15,(anonymous_1)
FNF:2
FNH:2
FNDA:6,(anonymous_0)
FNDA:6,(anonymous_1)
DA:7,6
DA:16,6
DA:17,6
DA:18,6
DA:19,3
DA:22,3
DA:25,6
LF:7
LH:7
BRDA:16,0,0,3
BRDA:16,0,1,3
BRDA:18,1,0,3
BRDA:18,1,1,3
BRF:4
BRH:4
end_of_record
TN:
SF:client/src/review_container.jsx
FN:14,(anonymous_0)
FN:35,(anonymous_1)
FN:39,(anonymous_2)
FN:50,(anonymous_3)
FN:58,(anonymous_4)
FN:68,(anonymous_5)
FN:81,(anonymous_6)
FN:90,(anonymous_7)
FN:99,(anonymous_8)
FN:108,(anonymous_9)
FN:117,(anonymous_10)
FN:126,(anonymous_11)
FN:141,(anonymous_12)
FN:176,(anonymous_13)
FN:181,(anonymous_14)
FN:214,(anonymous_15)
FNF:16
FNH:7
FNDA:7,(anonymous_0)
FNDA:7,(anonymous_1)
FNDA:0,(anonymous_2)
FNDA:0,(anonymous_3)
FNDA:0,(anonymous_4)
FNDA:7,(anonymous_5)
FNDA:0,(anonymous_6)
FNDA:0,(anonymous_7)
FNDA:0,(anonymous_8)
FNDA:0,(anonymous_9)
FNDA:0,(anonymous_10)
FNDA:0,(anonymous_11)
FNDA:7,(anonymous_12)
FNDA:7,(anonymous_13)
FNDA:7,(anonymous_14)
FNDA:7,(anonymous_15)
DA:8,1
DA:10,1
DA:15,7
DA:16,7
DA:24,7
DA:25,7
DA:26,7
DA:27,7
DA:28,7
DA:29,7
DA:30,7
DA:31,7
DA:36,7
DA:40,0
DA:43,0
DA:48,0
DA:51,0
DA:59,0
DA:60,0
DA:61,0
DA:63,0
DA:69,7
DA:70,7
DA:71,7
DA:72,7
DA:73,7
DA:74,0
DA:77,7
DA:82,0
DA:83,0
DA:85,0
DA:91,0
DA:92,0
DA:100,0
DA:101,0
DA:109,0
DA:110,0
DA:118,0
DA:119,0
DA:127,0
DA:128,0
DA:129,0
DA:142,7
DA:143,7
DA:144,7
DA:156,1
DA:160,1
DA:177,7
DA:182,7
DA:184,7
DA:186,7
DA:187,7
DA:190,7
DA:191,0
DA:195,7
DA:196,0
DA:198,7
DA:199,0
DA:202,7
DA:203,7
DA:206,7
DA:207,0
DA:210,7
DA:215,7
DA:216,7
LF:65
LH:38
BRDA:71,0,0,7
BRDA:71,0,1,0
BRDA:82,1,0,0
BRDA:82,1,1,0
BRDA:91,2,0,0
BRDA:91,2,1,0
BRDA:100,3,0,0
BRDA:100,3,1,0
BRDA:109,4,0,0
BRDA:109,4,1,0
BRDA:118,5,0,0
BRDA:118,5,1,0
BRDA:128,6,0,0
BRDA:128,6,1,0
BRDA:186,7,0,7
BRDA:186,7,1,0
BRDA:190,8,0,0
BRDA:190,8,1,7
BRDA:190,9,0,7
BRDA:190,9,1,0
BRDA:195,10,0,0
BRDA:195,10,1,7
BRDA:195,11,0,7
BRDA:195,11,1,0
BRDA:198,12,0,0
BRDA:198,12,1,7
BRDA:202,13,0,7
BRDA:202,13,1,0
BRDA:206,14,0,0
BRDA:206,14,1,7
BRF:30
BRH:9
end_of_record
TN:
SF:client/src/review_score.jsx
FN:15,(anonymous_0)
FN:22,(anonymous_1)
FN:43,(anonymous_2)
FNF:3
FNH:3
FNDA:27,(anonymous_0)
FNDA:27,(anonymous_1)
FNDA:27,(anonymous_2)
DA:7,1
DA:9,1
DA:11,1
DA:16,27
DA:18,27
DA:23,27
DA:24,27
DA:25,27
DA:26,135
DA:27,60
DA:28,60
DA:29,75
DA:30,6
DA:31,6
DA:33,69
DA:37,27
DA:44,27
DA:45,27
DA:51,27
LF:19
LH:19
BRDA:25,0,0,162
BRDA:25,0,1,96
BRDA:26,1,0,60
BRDA:26,1,1,75
BRDA:29,2,0,6
BRDA:29,2,1,69
BRDA:29,3,0,75
BRDA:29,3,1,75
BRF:8
BRH:8
end_of_record
