TN:
SF:client/src/review.jsx
FN:6,(anonymous_0)
FN:15,(anonymous_1)
FNF:2
FNH:2
FNDA:6,(anonymous_0)
FNDA:6,(anonymous_1)
DA:7,6
DA:16,6
DA:17,6
DA:18,6
DA:19,3
DA:22,3
DA:25,6
LF:7
LH:7
BRDA:16,0,0,3
BRDA:16,0,1,3
BRDA:18,1,0,3
BRDA:18,1,1,3
BRF:4
BRH:4
end_of_record
TN:
SF:client/src/review_container.jsx
FN:14,(anonymous_0)
FN:35,(anonymous_1)
FN:39,(anonymous_2)
FN:50,(anonymous_3)
FN:58,(anonymous_4)
FN:68,(anonymous_5)
FN:81,(anonymous_6)
FN:90,(anonymous_7)
FN:99,(anonymous_8)
FN:108,(anonymous_9)
FN:117,(anonymous_10)
FN:126,(anonymous_11)
FN:141,(anonymous_12)
FN:176,(anonymous_13)
FN:181,(anonymous_14)
FN:214,(anonymous_15)
FNF:16
FNH:7
FNDA:4,(anonymous_0)
FNDA:4,(anonymous_1)
FNDA:0,(anonymous_2)
FNDA:0,(anonymous_3)
FNDA:0,(anonymous_4)
FNDA:4,(anonymous_5)
FNDA:0,(anonymous_6)
FNDA:0,(anonymous_7)
FNDA:0,(anonymous_8)
FNDA:0,(anonymous_9)
FNDA:0,(anonymous_10)
FNDA:0,(anonymous_11)
FNDA:4,(anonymous_12)
FNDA:4,(anonymous_13)
FNDA:4,(anonymous_14)
FNDA:4,(anonymous_15)
DA:8,1
DA:10,1
DA:15,4
DA:16,4
DA:24,4
DA:25,4
DA:26,4
DA:27,4
DA:28,4
DA:29,4
DA:30,4
DA:31,4
DA:36,4
DA:40,0
DA:43,0
DA:48,0
DA:51,0
DA:59,0
DA:60,0
DA:61,0
DA:63,0
DA:69,4
DA:70,4
DA:71,4
DA:72,4
DA:73,4
DA:74,0
DA:77,4
DA:82,0
DA:83,0
DA:85,0
DA:91,0
DA:92,0
DA:100,0
DA:101,0
DA:109,0
DA:110,0
DA:118,0
DA:119,0
DA:127,0
DA:128,0
DA:129,0
DA:142,4
DA:143,4
DA:144,4
DA:156,1
DA:160,1
DA:177,4
DA:182,4
DA:184,4
DA:186,4
DA:187,4
DA:190,4
DA:191,0
DA:195,4
DA:196,0
DA:198,4
DA:199,0
DA:202,4
DA:203,4
DA:206,4
DA:207,0
DA:210,4
DA:215,4
DA:216,4
LF:65
LH:38
BRDA:71,0,0,4
BRDA:71,0,1,0
BRDA:82,1,0,0
BRDA:82,1,1,0
BRDA:91,2,0,0
BRDA:91,2,1,0
BRDA:100,3,0,0
BRDA:100,3,1,0
BRDA:109,4,0,0
BRDA:109,4,1,0
BRDA:118,5,0,0
BRDA:118,5,1,0
BRDA:128,6,0,0
BRDA:128,6,1,0
BRDA:186,7,0,4
BRDA:186,7,1,0
BRDA:190,8,0,0
BRDA:190,8,1,4
BRDA:190,9,0,4
BRDA:190,9,1,0
BRDA:195,10,0,0
BRDA:195,10,1,4
BRDA:195,11,0,4
BRDA:195,11,1,0
BRDA:198,12,0,0
BRDA:198,12,1,4
BRDA:202,13,0,4
BRDA:202,13,1,0
BRDA:206,14,0,0
BRDA:206,14,1,4
BRF:30
BRH:9
end_of_record
TN:
SF:client/src/review_score.jsx
FN:15,(anonymous_0)
FN:22,(anonymous_1)
FN:43,(anonymous_2)
FNF:3
FNH:3
FNDA:24,(anonymous_0)
FNDA:24,(anonymous_1)
FNDA:24,(anonymous_2)
DA:7,1
DA:9,1
DA:11,1
DA:16,24
DA:18,24
DA:23,24
DA:24,24
DA:25,24
DA:26,120
DA:27,60
DA:28,60
DA:29,60
DA:30,6
DA:31,6
DA:33,54
DA:37,24
DA:44,24
DA:45,24
DA:51,24
LF:19
LH:19
BRDA:25,0,0,144
BRDA:25,0,1,78
BRDA:26,1,0,60
BRDA:26,1,1,60
BRDA:29,2,0,6
BRDA:29,2,1,54
BRDA:29,3,0,60
BRDA:29,3,1,60
BRF:8
BRH:8
end_of_record
